<?xml version="1.0" encoding="UTF-8"?>
<beans xmlns="http://www.springframework.org/schema/beans"
	xmlns:xsi="http://www.w3.org/2001/XMLSchema-instance"
       xmlns:mvc="http://www.springframework.org/schema/mvc" 
       xmlns:task="http://www.springframework.org/schema/task"
	   xmlns:context="http://www.springframework.org/schema/context" 
	   xmlns:tx="http://www.springframework.org/schema/tx"
       xsi:schemaLocation="http://www.springframework.org/schema/beans http://www.springframework.org/schema/beans/spring-beans.xsd    
						http://www.springframework.org/schema/mvc http://www.springframework.org/schema/mvc/spring-mvc.xsd
						http://www.springframework.org/schema/context http://www.springframework.org/schema/context/spring-context.xsd
						http://www.springframework.org/schema/tx http://www.springframework.org/schema/tx/spring-tx.xsd
						http://www.springframework.org/schema/task
						http://www.springframework.org/schema/task/spring-task.xsd
						">
	
	<import resource="classpath*:/config/service/demo-service-test.xml"/>
	
    <bean id="multiThreadSupport" class="com.yueny.superclub.util.exec.multi.MultiThreadSupport"/>
    <bean class="com.yueny.superclub.util.exec.scheduled.ScheduledThreadSupport"/>
    
</beans>
